cl : command line  warning D9035: option 'Gm' has been deprecated and will be removed in a future release
  q_shared.c
  q_math.c
  g_weapon.c
  g_utils.c
  g_unlagged.c
  g_trigger.c
  g_team.c
  g_target.c
  g_syscalls.c
  g_svcmds.c
  g_spawn.c
  g_session.c
  g_rotation.c
  g_mover.c
  g_missile.c
  g_misc.c
  g_mem.c
  g_main.c
D:\Downloads\baseq3a-master\code\game\g_main.c(1702,4): warning C4013: 'ShuffleTeams' undefined; assuming extern returning int
D:\Downloads\baseq3a-master\code\game\g_main.c(2077,3): warning C4013: 'CheckTeamBalance' undefined; assuming extern returning int
D:\Downloads\baseq3a-master\code\game\g_main.c(2080,2): warning C4013: 'TrackPlayerTime' undefined; assuming extern returning int
D:\Downloads\baseq3a-master\code\game\g_main.c(2082,2): warning C4013: 'TrackPlayerFrags' undefined; assuming extern returning int
  g_items.c
  g_combat.c
  Generating Code...
  Compiling...
  g_cmds.c
D:\Downloads\baseq3a-master\code\game\g_cmds.c(1401,28): warning C4013: 'MapInRotation' undefined; assuming extern returning int
  g_client.c
D:\Downloads\baseq3a-master\code\game\g_client.c(482,7): warning C4013: 'IsBot' undefined; assuming extern returning int
  g_bot.c
  g_arenas.c
  g_active.c
  bg_slidemove.c
  bg_pmove.c
  bg_misc.c
  ai_vcmd.c
  ai_team.c
  ai_main.c
  ai_dmq3.c
  ai_dmnet.c
  ai_cmd.c
  ai_chat.c
  Generating Code...
C:\Program Files\Microsoft Visual Studio\2022\Community\MSBuild\Microsoft\VC\v170\Microsoft.CppBuild.targets(1392,5): warning MSB8012: TargetPath(D:\Downloads\baseq3a-master\build\win32-msvc\Win32\Debug\game.dll) does not match the Linker's OutputFile property value (D:\Downloads\baseq3a-master\build\win32-msvc\Win32\Debug\qagamex86.dll). This may cause your project to build incorrectly. To correct this, please make sure that $(OutDir), $(TargetName) and $(TargetExt) property values match the value specified in %(Link.OutputFile).
C:\Program Files\Microsoft Visual Studio\2022\Community\MSBuild\Microsoft\VC\v170\Microsoft.CppBuild.targets(1394,5): warning MSB8012: TargetName(game) does not match the Linker's OutputFile property value (qagamex86). This may cause your project to build incorrectly. To correct this, please make sure that $(OutDir), $(TargetName) and $(TargetExt) property values match the value specified in %(Link.OutputFile).
ai_chat.obj : warning LNK4075: ignoring '/EDITANDCONTINUE' due to '/SAFESEH' specification
     Creating library .\Win32\Debug\game.lib and object .\Win32\Debug\game.exp
  game.vcxproj -> D:\Downloads\baseq3a-master\build\win32-msvc\Win32\Debug\game.dll
